{"level":"info","time":"2025-04-01T20:29:52.409+0530","caller":"cmd/lt.go:207","msg":"LambdaTest Tunnel version: 3.2.14"}
{"level":"info","time":"2025-04-01T20:29:53.321+0530","caller":"custom/setup.go:867","msg":"Tunnel binary started on port :57663"}
{"level":"info","time":"2025-04-01T20:29:54.941+0530","caller":"core/lifecycle.go:308","msg":"Launching tunnel"}
{"level":"info","time":"2025-04-01T20:29:59.519+0530","caller":"core/lifecycle.go:430","msg":"You can start testing now"}
{"level":"info","time":"2025-04-01T20:29:59.519+0530","caller":"core/lifecycle.go:431","msg":"Tunnel ID: 5187865"}
{"level":"error","time":"2025-04-01T21:11:36.922+0530","caller":"ws/control.go:79","msg":"Control connection break error"}
{"level":"warn","time":"2025-04-01T21:11:36.922+0530","caller":"ws/control.go:80","msg":"Retrying"}
{"level":"error","time":"2025-04-01T21:11:36.922+0530","caller":"ws/control.go:81","msg":"ERR::WS::CTRL::CONN::DWN : Control websocket connection closed read tcp 192.168.100.189:57677->23.106.54.77:443: i/o timeout "}
{"level":"error","time":"2025-04-01T21:11:37.922+0530","caller":"ws/control.go:79","msg":"Control connection break error"}
{"level":"warn","time":"2025-04-01T21:11:37.922+0530","caller":"ws/control.go:80","msg":"Retrying"}
{"level":"error","time":"2025-04-01T21:11:37.922+0530","caller":"ws/control.go:81","msg":"ERR::WS::CTRL::CONN::DWN : Control websocket connection closed websocket: close 1006 (abnormal closure): unexpected EOF "}
{"level":"error","time":"2025-04-01T21:11:38.847+0530","caller":"ws/control.go:79","msg":"Control connection break error"}
{"level":"warn","time":"2025-04-01T21:11:38.847+0530","caller":"ws/control.go:80","msg":"Retrying"}
{"level":"error","time":"2025-04-01T21:11:38.847+0530","caller":"ws/control.go:81","msg":"ERR::WS::CTRL::CONN::DWN : Control websocket connection closed websocket: close 1006 (abnormal closure): unexpected EOF "}
{"level":"error","time":"2025-04-01T21:11:41.765+0530","caller":"ws/control.go:79","msg":"Control connection break error"}
{"level":"warn","time":"2025-04-01T21:11:41.765+0530","caller":"ws/control.go:80","msg":"Retrying"}
{"level":"error","time":"2025-04-01T21:11:41.765+0530","caller":"ws/control.go:81","msg":"ERR::WS::CTRL::CONN::DWN : Control websocket connection closed websocket: close 1006 (abnormal closure): unexpected EOF "}
{"level":"error","time":"2025-04-01T21:11:46.675+0530","caller":"ws/control.go:79","msg":"Control connection break error"}
{"level":"warn","time":"2025-04-01T21:11:46.675+0530","caller":"ws/control.go:80","msg":"Retrying"}
{"level":"error","time":"2025-04-01T21:11:46.675+0530","caller":"ws/control.go:81","msg":"ERR::WS::CTRL::CONN::DWN : Control websocket connection closed websocket: close 1006 (abnormal closure): unexpected EOF "}
{"level":"error","time":"2025-04-01T21:11:55.632+0530","caller":"ws/control.go:79","msg":"Control connection break error"}
{"level":"warn","time":"2025-04-01T21:11:55.632+0530","caller":"ws/control.go:80","msg":"Retrying"}
{"level":"error","time":"2025-04-01T21:11:55.632+0530","caller":"ws/control.go:81","msg":"ERR::WS::CTRL::CONN::DWN : Control websocket connection closed websocket: close 1006 (abnormal closure): unexpected EOF "}
{"level":"error","time":"2025-04-01T21:11:55.632+0530","caller":"core/lifecycle.go:439","msg":"Err occurred: ERR::CTRL::CONN::MAX::ATTEMPT : Control websocket reconnection max attempt reached "}
{"level":"error","time":"2025-04-01T21:11:55.632+0530","caller":"core/lifecycle.go:440","msg":"Aborting"}
{"level":"info","time":"2025-04-01T21:11:56.780+0530","caller":"core/lifecycle.go:461","msg":"Tunnel stopped successfully"}
{"level":"info","time":"2025-04-01T21:11:56.781+0530","caller":"cmd/lt.go:237","msg":"Tunnel aborted, starting new tunnel."}
{"level":"info","time":"2025-04-01T21:12:08.093+0530","caller":"custom/setup.go:867","msg":"Tunnel binary started on port :57663","tunnelID":"5187865"}
{"level":"info","time":"2025-04-01T21:12:08.974+0530","caller":"core/lifecycle.go:308","msg":"Launching tunnel"}
{"level":"info","time":"2025-04-01T21:12:11.854+0530","caller":"core/lifecycle.go:430","msg":"You can start testing now"}
{"level":"info","time":"2025-04-01T21:12:11.854+0530","caller":"core/lifecycle.go:431","msg":"Tunnel ID: 5188434"}
{"level":"info","time":"2025-04-01T21:15:20.091+0530","caller":"core/lifecycle.go:476","msg":"Stopping tunnel"}
{"level":"info","time":"2025-04-01T21:15:21.315+0530","caller":"core/lifecycle.go:483","msg":"Tunnel stopped successfully"}
